
> aoh-website@0.1.0 reach:warmup
> node scripts/reach-warmup-autopilot.mjs --lane all --execute auto --allow-scrape-spend


Reviews report: /home/runner/work/aoh-website/aoh-website/docs/client-ops-ledger/outbox/reach-warmup-reviews-2026-05-28.md

AI Visibility report: /home/runner/work/aoh-website/aoh-website/docs/client-ops-ledger/outbox/reach-warmup-ai-2026-05-28.md

> node scripts/launch-reach-campaign.mjs --lane relay --industry electrician --area Connecticut --limit 20 --timeout-ms 120000 --out tmp-reach-warmup-relay-2026-05-28-a37.json
Scraping Outscraper query: electrician, Connecticut, USA
Limit: 20. Enrichment: contacts_n_leads.
Prepared 20 Relay prospects.
Saved normalized prospects to tmp-reach-warmup-relay-2026-05-28-a37.json.

DRY RUN ONLY. Nothing was added to GHL.
Review the output file, then rerun with --commit.
To also start the drip, add --start-drip.

Sample:
- J.S. Electrical LLC <jsmart@jselectrical-llc.com> Plainville Connecticut
- J.S. Electrical LLC <help@jjandselectricllc.com> Plainville Connecticut
- J.S. Electrical LLC <info@jjandselectricllc.com> Plainville Connecticut

> node scripts/reach-json-to-csv.mjs --input tmp-reach-warmup-relay-2026-05-28-a37.json --out tmp-reach-warmup-relay-2026-05-28-a37-clean.csv
Input JSON rows: 20
CSV written: tmp-reach-warmup-relay-2026-05-28-a37-clean.csv

> node scripts/reach-filter-fresh-prospects.mjs --lane relay --csv tmp-reach-warmup-relay-2026-05-28-a37-clean.csv --out tmp-reach-warmup-relay-2026-05-28-a37-fresh.csv --state Connecticut
Input rows: 20
Fresh rows kept: 18
Removed rows: 2
Fresh CSV: tmp-reach-warmup-relay-2026-05-28-a37-fresh.csv
Removed CSV: tmp-reach-warmup-relay-2026-05-28-a37-fresh-removed.csv
No GHL API calls were made. This is CSV filtering only.

> node scripts/verify-reach-emails.mjs --provider neverbounce --csv tmp-reach-warmup-relay-2026-05-28-a37-fresh.csv --out tmp-reach-warmup-relay-2026-05-28-a37-verified.csv --report tmp-reach-warmup-relay-2026-05-28-a37-verified-report.json
Loaded 18 rows from tmp-reach-warmup-relay-2026-05-28-a37-fresh.csv.
REMOVE help@jjandselectricllc.com invalid
REMOVE info@jjandselectricllc.com invalid
REMOVE z.sacirovski@accurateelectricalcontractors.com unknown
KEEP accurateelectric79@gmail.com valid
KEEP josh@ajpelectricllc.com valid
KEEP pbavis@pecofct.com valid
KEEP kptek@msn.com valid
KEEP captainelectricc@yahoo.com valid
KEEP electricalpowerprosllc@gmail.com valid
KEEP dan@electricalpowerpros.net valid
KEEP sarah.mcelectric@gmail.com valid
KEEP caseyelectricalservicesllc@gmail.com valid
KEEP info@caseyelectricalservices.com valid
KEEP joshcasey@caseyelectricalservices.com valid
KEEP buckelectricllc@gmail.com valid
KEEP john@safeandsoundelectric.com valid
KEEP careers@safeandsoundelectric.com valid
REMOVE mike@a-1mechanical.com catchall

Input: 18
Kept: 14
Removed: 4
Verified CSV: tmp-reach-warmup-relay-2026-05-28-a37-verified.csv
Verification report: tmp-reach-warmup-relay-2026-05-28-a37-verified-report.json

> node scripts/reach-quality-review.mjs --lane relay --csv tmp-reach-warmup-relay-2026-05-28-a37-verified.csv --out tmp-reach-warmup-relay-2026-05-28-a37-qa.csv
Rows reviewed: 14
OK rows: 1
Review rows: 13
QA CSV: tmp-reach-warmup-relay-2026-05-28-a37-qa.csv
QA report: /home/runner/work/aoh-website/aoh-website/docs/client-ops-ledger/outbox/reach-relay-quality-2026-05-28.md

> node scripts/launch-reach-campaign.mjs --lane relay --industry roofing contractor --area Connecticut --limit 20 --timeout-ms 120000 --out tmp-reach-warmup-relay-2026-05-28-a38.json
Scraping Outscraper query: roofing contractor, Connecticut, USA
Limit: 20. Enrichment: contacts_n_leads.
Prepared 20 Relay prospects.
Saved normalized prospects to tmp-reach-warmup-relay-2026-05-28-a38.json.

DRY RUN ONLY. Nothing was added to GHL.
Review the output file, then rerun with --commit.
To also start the drip, add --start-drip.

Sample:
- BEST CONNECTICUT ROOFING LLC <bestconnecticutroofing@hotmail.com> Meriden Connecticut
- BEST CONNECTICUT ROOFING LLC <jane@bestconnecticutroofing.com> Meriden Connecticut
- Connecticut Roofing Solutions <sales@connecticutroofingsolutions.com> Westport Connecticut

> node scripts/reach-json-to-csv.mjs --input tmp-reach-warmup-relay-2026-05-28-a38.json --out tmp-reach-warmup-relay-2026-05-28-a38-clean.csv
Input JSON rows: 20
CSV written: tmp-reach-warmup-relay-2026-05-28-a38-clean.csv

> node scripts/reach-filter-fresh-prospects.mjs --lane relay --csv tmp-reach-warmup-relay-2026-05-28-a38-clean.csv --out tmp-reach-warmup-relay-2026-05-28-a38-fresh.csv --state Connecticut
Input rows: 20
Fresh rows kept: 15
Removed rows: 5
Fresh CSV: tmp-reach-warmup-relay-2026-05-28-a38-fresh.csv
Removed CSV: tmp-reach-warmup-relay-2026-05-28-a38-fresh-removed.csv
No GHL API calls were made. This is CSV filtering only.

> node scripts/verify-reach-emails.mjs --provider neverbounce --csv tmp-reach-warmup-relay-2026-05-28-a38-fresh.csv --out tmp-reach-warmup-relay-2026-05-28-a38-verified.csv --report tmp-reach-warmup-relay-2026-05-28-a38-verified-report.json
Loaded 15 rows from tmp-reach-warmup-relay-2026-05-28-a38-fresh.csv.
KEEP bestconnecticutroofing@hotmail.com valid
REMOVE jane@bestconnecticutroofing.com unknown
KEEP roofingsolutionsofct@gmail.com valid
KEEP office@rsofct.com valid
KEEP info@connecticutcommercialroofing.net valid
KEEP hemlockroofing@gmail.com valid
KEEP hemlockcontractingco@gmail.com valid
REMOVE steve@hj-roofing.com unknown
REMOVE s.dumas@hj-roofing.com unknown
REMOVE info@qnkroofingstamford.com invalid
KEEP info@qnkroofing.com valid
REMOVE greenwich@qnkroofing.com unknown
REMOVE judson@philsmainroofing.com invalid
REMOVE barbarat@philsmainroofing.com unknown
REMOVE info@philsmainroofing.com unknown

Input: 15
Kept: 7
Removed: 8
Verified CSV: tmp-reach-warmup-relay-2026-05-28-a38-verified.csv
Verification report: tmp-reach-warmup-relay-2026-05-28-a38-verified-report.json

> node scripts/reach-quality-review.mjs --lane relay --csv tmp-reach-warmup-relay-2026-05-28-a38-verified.csv --out tmp-reach-warmup-relay-2026-05-28-a38-qa.csv
Rows reviewed: 7
OK rows: 2
Review rows: 5
QA CSV: tmp-reach-warmup-relay-2026-05-28-a38-qa.csv
QA report: /home/runner/work/aoh-website/aoh-website/docs/client-ops-ledger/outbox/reach-relay-quality-2026-05-28.md

> node scripts/launch-reach-campaign.mjs --lane relay --industry veterinary --area Westchester County NY --limit 20 --timeout-ms 120000 --out tmp-reach-warmup-relay-2026-05-28-a39.json
Scraping Outscraper query: veterinary, Westchester County NY, USA
Limit: 20. Enrichment: contacts_n_leads.
Prepared 20 Relay prospects.
Saved normalized prospects to tmp-reach-warmup-relay-2026-05-28-a39.json.

DRY RUN ONLY. Nothing was added to GHL.
Review the output file, then rerun with --commit.
To also start the drip, add --start-drip.

Sample:
- North Westchester Veterinary Office <northwest.vet@verizon.net> Cortlandt Manor New York
- North Westchester Veterinary Office <northwestvet@northwestvet.com> Cortlandt Manor New York
- North Westchester Veterinary Office <julie.slavin@northwestvet.com> Cortlandt Manor New York

> node scripts/reach-json-to-csv.mjs --input tmp-reach-warmup-relay-2026-05-28-a39.json --out tmp-reach-warmup-relay-2026-05-28-a39-clean.csv
Input JSON rows: 20
CSV written: tmp-reach-warmup-relay-2026-05-28-a39-clean.csv

> node scripts/reach-filter-fresh-prospects.mjs --lane relay --csv tmp-reach-warmup-relay-2026-05-28-a39-clean.csv --out tmp-reach-warmup-relay-2026-05-28-a39-fresh.csv --state New York
Input rows: 20
Fresh rows kept: 20
Removed rows: 0
Fresh CSV: tmp-reach-warmup-relay-2026-05-28-a39-fresh.csv
Removed CSV: tmp-reach-warmup-relay-2026-05-28-a39-fresh-removed.csv
No GHL API calls were made. This is CSV filtering only.

> node scripts/verify-reach-emails.mjs --provider neverbounce --csv tmp-reach-warmup-relay-2026-05-28-a39-fresh.csv --out tmp-reach-warmup-relay-2026-05-28-a39-verified.csv --report tmp-reach-warmup-relay-2026-05-28-a39-verified-report.json
Loaded 20 rows from tmp-reach-warmup-relay-2026-05-28-a39-fresh.csv.
KEEP northwest.vet@verizon.net valid
KEEP northwestvet@northwestvet.com valid
REMOVE julie.slavin@northwestvet.com invalid
KEEP whiteplainsvets@gmail.com valid
REMOVE customer.care@felinevetmed.com catchall
KEEP cindycafagna@gmail.com valid
KEEP petchestervets@gmail.com valid
REMOVE nfo@veterinaryemergencygroup.com unknown
REMOVE hello@hudsondermatology.com catchall
REMOVE chris@rhvh.com catchall
REMOVE nick@rhvh.com catchall
REMOVE joretta@rhvh.com catchall
REMOVE yorktownah@yourvetdoc.com unknown
REMOVE david@veg.com unknown
REMOVE bloodbank@veg.vet unknown
REMOVE asheville@veg.vet unknown
REMOVE info@vsec.vet unknown
REMOVE careers@vsec.vet unknown
KEEP staff@taconicvet.com valid
KEEP info@24hrvetcenter.com valid

Input: 20
Kept: 7
Removed: 13
Verified CSV: tmp-reach-warmup-relay-2026-05-28-a39-verified.csv
Verification report: tmp-reach-warmup-relay-2026-05-28-a39-verified-report.json

> node scripts/reach-quality-review.mjs --lane relay --csv tmp-reach-warmup-relay-2026-05-28-a39-verified.csv --out tmp-reach-warmup-relay-2026-05-28-a39-qa.csv
Rows reviewed: 7
OK rows: 0
Review rows: 7
QA CSV: tmp-reach-warmup-relay-2026-05-28-a39-qa.csv
QA report: /home/runner/work/aoh-website/aoh-website/docs/client-ops-ledger/outbox/reach-relay-quality-2026-05-28.md

> node scripts/launch-reach-campaign.mjs --lane relay --industry HVAC contractor --area Massachusetts --limit 20 --timeout-ms 120000 --out tmp-reach-warmup-relay-2026-05-28-a40.json
Scraping Outscraper query: HVAC contractor, Massachusetts, USA
Limit: 20. Enrichment: contacts_n_leads.
Prepared 20 Relay prospects.
Saved normalized prospects to tmp-reach-warmup-relay-2026-05-28-a40.json.

DRY RUN ONLY. Nothing was added to GHL.
Review the output file, then rerun with --commit.
To also start the drip, add --start-drip.

Sample:
- Atlantic Heating & Air Conditioning <joniorio@atlantic-heat.com> Brookline Massachusetts
- Central Cooling & Heating <epollack@tabreed.com> Woburn Massachusetts
- Central Cooling & Heating <mcaples@centralcooling.com> Woburn Massachusetts

> node scripts/reach-json-to-csv.mjs --input tmp-reach-warmup-relay-2026-05-28-a40.json --out tmp-reach-warmup-relay-2026-05-28-a40-clean.csv
Input JSON rows: 20
CSV written: tmp-reach-warmup-relay-2026-05-28-a40-clean.csv

> node scripts/reach-filter-fresh-prospects.mjs --lane relay --csv tmp-reach-warmup-relay-2026-05-28-a40-clean.csv --out tmp-reach-warmup-relay-2026-05-28-a40-fresh.csv --state Massachusetts
Input rows: 20
Fresh rows kept: 20
Removed rows: 0
Fresh CSV: tmp-reach-warmup-relay-2026-05-28-a40-fresh.csv
Removed CSV: tmp-reach-warmup-relay-2026-05-28-a40-fresh-removed.csv
No GHL API calls were made. This is CSV filtering only.

> node scripts/verify-reach-emails.mjs --provider neverbounce --csv tmp-reach-warmup-relay-2026-05-28-a40-fresh.csv --out tmp-reach-warmup-relay-2026-05-28-a40-verified.csv --report tmp-reach-warmup-relay-2026-05-28-a40-verified-report.json
Loaded 20 rows from tmp-reach-warmup-relay-2026-05-28-a40-fresh.csv.
KEEP joniorio@atlantic-heat.com valid
REMOVE epollack@tabreed.com invalid
KEEP mcaples@centralcooling.com valid
REMOVE epollack@centralr.com unknown
KEEP contact@kenhvacservice.com valid
KEEP cbullock119@gmail.com valid
REMOVE aleksandra@newenglandductless.com unknown
REMOVE elton@newenglandductless.com unknown
KEEP jmahonhvac@gmail.com valid
KEEP mysmartclimate@gmail.com valid
KEEP info@mysmartclimate.com valid
REMOVE info@peboston.com unknown
KEEP service@nshvacr.com valid
KEEP service@northshorehvacr.com valid
REMOVE rich.vito@suburban-hvac.com unknown
REMOVE michaud@nemsi.com catchall
REMOVE richard.vito@suburban-hvac.com unknown
KEEP oberlanrosa@obiehvac.com valid
REMOVE ilija.crnobrnja@obiehvac.com invalid
REMOVE oberlan.rosa@obiecomfortsolutions.com unknown

Input: 20
Kept: 10
Removed: 10
Verified CSV: tmp-reach-warmup-relay-2026-05-28-a40-verified.csv
Verification report: tmp-reach-warmup-relay-2026-05-28-a40-verified-report.json

> node scripts/reach-quality-review.mjs --lane relay --csv tmp-reach-warmup-relay-2026-05-28-a40-verified.csv --out tmp-reach-warmup-relay-2026-05-28-a40-qa.csv
Rows reviewed: 10
OK rows: 4
Review rows: 6
QA CSV: tmp-reach-warmup-relay-2026-05-28-a40-qa.csv
QA report: /home/runner/work/aoh-website/aoh-website/docs/client-ops-ledger/outbox/reach-relay-quality-2026-05-28.md

> node scripts/launch-reach-campaign.mjs --lane relay --industry veterinary --area Connecticut --limit 20 --timeout-ms 120000 --out tmp-reach-warmup-relay-2026-05-28-a41.json
Scraping Outscraper query: veterinary, Connecticut, USA
Limit: 20. Enrichment: contacts_n_leads.
Prepared 20 Relay prospects.
Saved normalized prospects to tmp-reach-warmup-relay-2026-05-28-a41.json.

DRY RUN ONLY. Nothing was added to GHL.
Review the output file, then rerun with --commit.
To also start the drip, add --start-drip.

Sample:
- Hospital for Veterinary Surgery - Connecticut <info@hvsct.com> Greenwich Connecticut
- Connecticut Veterinary Center <r.perez@ctvetcenter.com> West Hartford Connecticut
- Connecticut Veterinary Center <c.holder@ctvetcenter.com> West Hartford Connecticut

> node scripts/reach-json-to-csv.mjs --input tmp-reach-warmup-relay-2026-05-28-a41.json --out tmp-reach-warmup-relay-2026-05-28-a41-clean.csv
Input JSON rows: 20
CSV written: tmp-reach-warmup-relay-2026-05-28-a41-clean.csv

> node scripts/reach-filter-fresh-prospects.mjs --lane relay --csv tmp-reach-warmup-relay-2026-05-28-a41-clean.csv --out tmp-reach-warmup-relay-2026-05-28-a41-fresh.csv --state Connecticut
Input rows: 20
Fresh rows kept: 17
Removed rows: 3
Fresh CSV: tmp-reach-warmup-relay-2026-05-28-a41-fresh.csv
Removed CSV: tmp-reach-warmup-relay-2026-05-28-a41-fresh-removed.csv
No GHL API calls were made. This is CSV filtering only.

> node scripts/verify-reach-emails.mjs --provider neverbounce --csv tmp-reach-warmup-relay-2026-05-28-a41-fresh.csv --out tmp-reach-warmup-relay-2026-05-28-a41-verified.csv --report tmp-reach-warmup-relay-2026-05-28-a41-verified-report.json
Loaded 17 rows from tmp-reach-warmup-relay-2026-05-28-a41-fresh.csv.
REMOVE c.holder@ctvetcenter.com invalid
REMOVE webmaster@veternet.com unknown
REMOVE info@vec.com catchall
REMOVE trina@foothillvet.com invalid
KEEP justina_marie54@hotmail.com valid
KEEP mooschue@gmail.com valid
REMOVE andrew.triolo@vcaantech.com catchall
KEEP amykauz@yahoo.com valid
REMOVE tcoronado@aetcenter.com unknown
KEEP ravenribbs@gmail.com valid
KEEP mpapero3@aol.com valid
KEEP twilightgo@aol.com valid
REMOVE info@unitedveterinarycenter.com unknown
REMOVE david@veg.com unknown
REMOVE bloodbank@veg.vet unknown
REMOVE asheville@veg.vet unknown
REMOVE sales@salemvalleyvet.com invalid

Input: 17
Kept: 6
Removed: 11
Verified CSV: tmp-reach-warmup-relay-2026-05-28-a41-verified.csv
Verification report: tmp-reach-warmup-relay-2026-05-28-a41-verified-report.json

> node scripts/reach-quality-review.mjs --lane relay --csv tmp-reach-warmup-relay-2026-05-28-a41-verified.csv --out tmp-reach-warmup-relay-2026-05-28-a41-qa.csv
Rows reviewed: 6
OK rows: 0
Review rows: 6
QA CSV: tmp-reach-warmup-relay-2026-05-28-a41-qa.csv
QA report: /home/runner/work/aoh-website/aoh-website/docs/client-ops-ledger/outbox/reach-relay-quality-2026-05-28.md

Relay report: /home/runner/work/aoh-website/aoh-website/docs/client-ops-ledger/outbox/reach-warmup-relay-2026-05-28.md

Warmup summary: /home/runner/work/aoh-website/aoh-website/docs/client-ops-ledger/outbox/reach-warmup-summary-2026-05-28.md
Done.
