
> aoh-website@0.1.0 reach:warmup
> node scripts/reach-warmup-autopilot.mjs --lane all --execute auto --allow-scrape-spend


Reviews report: /home/runner/work/aoh-website/aoh-website/docs/client-ops-ledger/outbox/reach-warmup-reviews-2026-05-24.md

AI Visibility report: /home/runner/work/aoh-website/aoh-website/docs/client-ops-ledger/outbox/reach-warmup-ai-2026-05-24.md

> node scripts/launch-reach-campaign.mjs --lane relay --industry veterinary --area Connecticut --limit 20 --timeout-ms 120000 --out tmp-reach-warmup-relay-2026-05-24-a17.json
Scraping Outscraper query: veterinary, Connecticut, USA
Limit: 20. Enrichment: contacts_n_leads.
Prepared 20 Relay prospects.
Saved normalized prospects to tmp-reach-warmup-relay-2026-05-24-a17.json.

DRY RUN ONLY. Nothing was added to GHL.
Review the output file, then rerun with --commit.
To also start the drip, add --start-drip.

Sample:
- Connecticut Veterinary Center <r.perez@ctvetcenter.com> West Hartford Connecticut
- Connecticut Veterinary Center <c.holder@ctvetcenter.com> West Hartford Connecticut
- Connecticut Veterinary Center <webmaster@veternet.com> West Hartford Connecticut

> node scripts/reach-json-to-csv.mjs --input tmp-reach-warmup-relay-2026-05-24-a17.json --out tmp-reach-warmup-relay-2026-05-24-a17-clean.csv
Input JSON rows: 20
CSV written: tmp-reach-warmup-relay-2026-05-24-a17-clean.csv

> node scripts/reach-filter-fresh-prospects.mjs --lane relay --csv tmp-reach-warmup-relay-2026-05-24-a17-clean.csv --out tmp-reach-warmup-relay-2026-05-24-a17-fresh.csv --state Connecticut
Input rows: 20
Fresh rows kept: 19
Removed rows: 1
Fresh CSV: tmp-reach-warmup-relay-2026-05-24-a17-fresh.csv
Removed CSV: tmp-reach-warmup-relay-2026-05-24-a17-fresh-removed.csv
No GHL API calls were made. This is CSV filtering only.

> node scripts/verify-reach-emails.mjs --provider neverbounce --csv tmp-reach-warmup-relay-2026-05-24-a17-fresh.csv --out tmp-reach-warmup-relay-2026-05-24-a17-verified.csv --report tmp-reach-warmup-relay-2026-05-24-a17-verified-report.json
Loaded 19 rows from tmp-reach-warmup-relay-2026-05-24-a17-fresh.csv.
REMOVE c.holder@ctvetcenter.com invalid
REMOVE webmaster@veternet.com unknown
REMOVE trina@foothillvet.com invalid
KEEP justina_marie54@hotmail.com valid
KEEP mooschue@gmail.com valid
KEEP ravenribbs@gmail.com valid
KEEP mpapero3@aol.com valid
KEEP twilightgo@aol.com valid
REMOVE andrew.triolo@vcaantech.com catchall
KEEP amykauz@yahoo.com valid
REMOVE tcoronado@aetcenter.com unknown
KEEP emazzaferro@hotmail.com valid
KEEP inez_earth@yahoo.com valid
REMOVE ctong@cuvs.org invalid
REMOVE david@veg.com unknown
REMOVE bloodbank@veg.vet unknown
REMOVE asheville@veg.vet unknown
KEEP surgery@criticalvet.com valid
KEEP info@vecofcanton.com valid

Input: 19
Kept: 10
Removed: 9
Verified CSV: tmp-reach-warmup-relay-2026-05-24-a17-verified.csv
Verification report: tmp-reach-warmup-relay-2026-05-24-a17-verified-report.json

> node scripts/reach-quality-review.mjs --lane relay --csv tmp-reach-warmup-relay-2026-05-24-a17-verified.csv --out tmp-reach-warmup-relay-2026-05-24-a17-qa.csv
Rows reviewed: 10
OK rows: 0
Review rows: 10
QA CSV: tmp-reach-warmup-relay-2026-05-24-a17-qa.csv
QA report: /home/runner/work/aoh-website/aoh-website/docs/client-ops-ledger/outbox/reach-relay-quality-2026-05-24.md

> node scripts/launch-reach-campaign.mjs --lane relay --industry emergency veterinary --area Connecticut --limit 20 --timeout-ms 120000 --out tmp-reach-warmup-relay-2026-05-24-a18.json
Scraping Outscraper query: emergency veterinary, Connecticut, USA
Limit: 20. Enrichment: contacts_n_leads.
Prepared 20 Relay prospects.
Saved normalized prospects to tmp-reach-warmup-relay-2026-05-24-a18.json.

DRY RUN ONLY. Nothing was added to GHL.
Review the output file, then rerun with --commit.
To also start the drip, add --start-drip.

Sample:
- Veterinary Specialty and Emergency Center of Thousand Oaks <devon@vsecto.com> Thousand Oaks California
- Veterinary Specialty and Emergency Center of Thousand Oaks <jmacfadyen@vsecto.com> Thousand Oaks California
- Veterinary Specialty and Emergency Center of Thousand Oaks <rdvm@vsecto.com> Thousand Oaks California

> node scripts/reach-json-to-csv.mjs --input tmp-reach-warmup-relay-2026-05-24-a18.json --out tmp-reach-warmup-relay-2026-05-24-a18-clean.csv
Input JSON rows: 20
CSV written: tmp-reach-warmup-relay-2026-05-24-a18-clean.csv

> node scripts/reach-filter-fresh-prospects.mjs --lane relay --csv tmp-reach-warmup-relay-2026-05-24-a18-clean.csv --out tmp-reach-warmup-relay-2026-05-24-a18-fresh.csv --state Connecticut
Input rows: 20
Fresh rows kept: 16
Removed rows: 4
Fresh CSV: tmp-reach-warmup-relay-2026-05-24-a18-fresh.csv
Removed CSV: tmp-reach-warmup-relay-2026-05-24-a18-fresh-removed.csv
No GHL API calls were made. This is CSV filtering only.

> node scripts/verify-reach-emails.mjs --provider neverbounce --csv tmp-reach-warmup-relay-2026-05-24-a18-fresh.csv --out tmp-reach-warmup-relay-2026-05-24-a18-verified.csv --report tmp-reach-warmup-relay-2026-05-24-a18-verified-report.json
Loaded 16 rows from tmp-reach-warmup-relay-2026-05-24-a18-fresh.csv.
KEEP surgery@criticalvet.com valid
KEEP info@vecofcanton.com valid
REMOVE trina@foothillvet.com invalid
KEEP justina_marie54@hotmail.com valid
KEEP mooschue@gmail.com valid
REMOVE c.holder@ctvetcenter.com invalid
REMOVE webmaster@veternet.com unknown
KEEP ravenribbs@gmail.com valid
KEEP mpapero3@aol.com valid
KEEP twilightgo@aol.com valid
KEEP internship@piepervet.com valid
KEEP cruggiero@piepervet.com valid
KEEP kkimball@piepervet.com valid
REMOVE david@veg.com unknown
REMOVE bloodbank@veg.vet unknown
REMOVE asheville@veg.vet unknown

Input: 16
Kept: 10
Removed: 6
Verified CSV: tmp-reach-warmup-relay-2026-05-24-a18-verified.csv
Verification report: tmp-reach-warmup-relay-2026-05-24-a18-verified-report.json

> node scripts/reach-quality-review.mjs --lane relay --csv tmp-reach-warmup-relay-2026-05-24-a18-verified.csv --out tmp-reach-warmup-relay-2026-05-24-a18-qa.csv
Rows reviewed: 10
OK rows: 0
Review rows: 10
QA CSV: tmp-reach-warmup-relay-2026-05-24-a18-qa.csv
QA report: /home/runner/work/aoh-website/aoh-website/docs/client-ops-ledger/outbox/reach-relay-quality-2026-05-24.md

> node scripts/launch-reach-campaign.mjs --lane relay --industry HVAC contractor --area Connecticut --limit 20 --timeout-ms 120000 --out tmp-reach-warmup-relay-2026-05-24-a19.json
Scraping Outscraper query: HVAC contractor, Connecticut, USA
Limit: 20. Enrichment: contacts_n_leads.
Prepared 20 Relay prospects.
Saved normalized prospects to tmp-reach-warmup-relay-2026-05-24-a19.json.

DRY RUN ONLY. Nothing was added to GHL.
Review the output file, then rerun with --commit.
To also start the drip, add --start-drip.

Sample:
- Connecticut HVAC Services llc <cthvacservices@gmail.com> East Lyme Connecticut
- Total Mechanical Systems <rm221@hotmail.com> Plainville Connecticut
- Total Mechanical Systems <andre@harphomeservices.com> Plainville Connecticut

> node scripts/reach-json-to-csv.mjs --input tmp-reach-warmup-relay-2026-05-24-a19.json --out tmp-reach-warmup-relay-2026-05-24-a19-clean.csv
Input JSON rows: 20
CSV written: tmp-reach-warmup-relay-2026-05-24-a19-clean.csv

> node scripts/reach-filter-fresh-prospects.mjs --lane relay --csv tmp-reach-warmup-relay-2026-05-24-a19-clean.csv --out tmp-reach-warmup-relay-2026-05-24-a19-fresh.csv --state Connecticut
Input rows: 20
Fresh rows kept: 20
Removed rows: 0
Fresh CSV: tmp-reach-warmup-relay-2026-05-24-a19-fresh.csv
Removed CSV: tmp-reach-warmup-relay-2026-05-24-a19-fresh-removed.csv
No GHL API calls were made. This is CSV filtering only.

> node scripts/verify-reach-emails.mjs --provider neverbounce --csv tmp-reach-warmup-relay-2026-05-24-a19-fresh.csv --out tmp-reach-warmup-relay-2026-05-24-a19-verified.csv --report tmp-reach-warmup-relay-2026-05-24-a19-verified-report.json
Loaded 20 rows from tmp-reach-warmup-relay-2026-05-24-a19-fresh.csv.
KEEP cthvacservices@gmail.com valid
KEEP rm221@hotmail.com valid
REMOVE andre@harphomeservices.com invalid
REMOVE acorjulo@tmscomfort.com invalid
KEEP ron52183@gmail.com valid
REMOVE l.piombo@americanheatingservice.com invalid
KEEP team@latofonts.com valid
REMOVE kathynoiseux@mac.com unknown
KEEP cdl.lundgren@gmail.com valid
REMOVE cassie@dynamichvac.net unknown
KEEP mike@climatechmechanical.com valid
KEEP joe@climatechmechanical.com valid
REMOVE m.naski@climatechmechanical.com invalid
KEEP info@glascohvac.com valid
KEEP will@glascohvac.com valid
REMOVE cps@ctpsych.org invalid
REMOVE info@ctcoolingandheating.com invalid
KEEP ctcooling@yahoo.com valid
REMOVE r.tyler@tylerair.com invalid
REMOVE alexis@tylerair.com invalid

Input: 20
Kept: 10
Removed: 10
Verified CSV: tmp-reach-warmup-relay-2026-05-24-a19-verified.csv
Verification report: tmp-reach-warmup-relay-2026-05-24-a19-verified-report.json

> node scripts/reach-quality-review.mjs --lane relay --csv tmp-reach-warmup-relay-2026-05-24-a19-verified.csv --out tmp-reach-warmup-relay-2026-05-24-a19-qa.csv
Rows reviewed: 10
OK rows: 0
Review rows: 10
QA CSV: tmp-reach-warmup-relay-2026-05-24-a19-qa.csv
QA report: /home/runner/work/aoh-website/aoh-website/docs/client-ops-ledger/outbox/reach-relay-quality-2026-05-24.md

> node scripts/launch-reach-campaign.mjs --lane relay --industry plumber --area Connecticut --limit 20 --timeout-ms 120000 --out tmp-reach-warmup-relay-2026-05-24-a20.json
Scraping Outscraper query: plumber, Connecticut, USA
Limit: 20. Enrichment: contacts_n_leads.
Prepared 20 Relay prospects.
Saved normalized prospects to tmp-reach-warmup-relay-2026-05-24-a20.json.

DRY RUN ONLY. Nothing was added to GHL.
Review the output file, then rerun with --commit.
To also start the drip, add --start-drip.

Sample:
- bluefrog Plumbing + Drain of Central Connecticut <ncfazzinoplumbing@gmail.com> Wallingford Connecticut
- bluefrog Plumbing + Drain of Central Connecticut <csr@bfplumbingct.com> Wallingford Connecticut
- Advance Plumbing & Heating, Inc. <azplumbers@aol.com> Newington Connecticut

> node scripts/reach-json-to-csv.mjs --input tmp-reach-warmup-relay-2026-05-24-a20.json --out tmp-reach-warmup-relay-2026-05-24-a20-clean.csv
Input JSON rows: 20
CSV written: tmp-reach-warmup-relay-2026-05-24-a20-clean.csv

> node scripts/reach-filter-fresh-prospects.mjs --lane relay --csv tmp-reach-warmup-relay-2026-05-24-a20-clean.csv --out tmp-reach-warmup-relay-2026-05-24-a20-fresh.csv --state Connecticut
Input rows: 20
Fresh rows kept: 19
Removed rows: 1
Fresh CSV: tmp-reach-warmup-relay-2026-05-24-a20-fresh.csv
Removed CSV: tmp-reach-warmup-relay-2026-05-24-a20-fresh-removed.csv
No GHL API calls were made. This is CSV filtering only.

> node scripts/verify-reach-emails.mjs --provider neverbounce --csv tmp-reach-warmup-relay-2026-05-24-a20-fresh.csv --out tmp-reach-warmup-relay-2026-05-24-a20-verified.csv --report tmp-reach-warmup-relay-2026-05-24-a20-verified-report.json
Loaded 19 rows from tmp-reach-warmup-relay-2026-05-24-a20-fresh.csv.
KEEP ncfazzinoplumbing@gmail.com valid
KEEP csr@bfplumbingct.com valid
KEEP azplumbers@aol.com valid
KEEP jetplumbingct@gmail.com valid
REMOVE info@jetplumbingct.com unknown
REMOVE office@onzescph.com catchall
REMOVE jason@jnrplumbing.com invalid
REMOVE info@nwsewer.com invalid
REMOVE jnrplumbingllc@gmail.com invalid
KEEP allstateplumbingct@gmail.com valid
KEEP escapeplumbing@optonline.net valid
KEEP escapeplumbing@gmail.com valid
REMOVE m.b@mrrootersea.com invalid
REMOVE p.d@sparaco.com invalid
REMOVE carmenita.jack@mrrootersea.com invalid
KEEP hello@rfuenzalida.com valid
KEEP matt@pixelspread.com valid
KEEP tim@vanguardplumbingsolutions.com valid
REMOVE fire_06786@yahoo.com unknown

Input: 19
Kept: 10
Removed: 9
Verified CSV: tmp-reach-warmup-relay-2026-05-24-a20-verified.csv
Verification report: tmp-reach-warmup-relay-2026-05-24-a20-verified-report.json

> node scripts/reach-quality-review.mjs --lane relay --csv tmp-reach-warmup-relay-2026-05-24-a20-verified.csv --out tmp-reach-warmup-relay-2026-05-24-a20-qa.csv
Rows reviewed: 10
OK rows: 0
Review rows: 10
QA CSV: tmp-reach-warmup-relay-2026-05-24-a20-qa.csv
QA report: /home/runner/work/aoh-website/aoh-website/docs/client-ops-ledger/outbox/reach-relay-quality-2026-05-24.md

> node scripts/launch-reach-campaign.mjs --lane relay --industry electrician --area Connecticut --limit 20 --timeout-ms 120000 --out tmp-reach-warmup-relay-2026-05-24-a21.json
Scraping Outscraper query: electrician, Connecticut, USA
Limit: 20. Enrichment: contacts_n_leads.
Prepared 20 Relay prospects.
Saved normalized prospects to tmp-reach-warmup-relay-2026-05-24-a21.json.

DRY RUN ONLY. Nothing was added to GHL.
Review the output file, then rerun with --commit.
To also start the drip, add --start-drip.

Sample:
- J.S. Electrical LLC <jsmart@jselectrical-llc.com> Plainville Connecticut
- J.S. Electrical LLC <help@jjandselectricllc.com> Plainville Connecticut
- J.S. Electrical LLC <info@jjandselectricllc.com> Plainville Connecticut

> node scripts/reach-json-to-csv.mjs --input tmp-reach-warmup-relay-2026-05-24-a21.json --out tmp-reach-warmup-relay-2026-05-24-a21-clean.csv
Input JSON rows: 20
CSV written: tmp-reach-warmup-relay-2026-05-24-a21-clean.csv

> node scripts/reach-filter-fresh-prospects.mjs --lane relay --csv tmp-reach-warmup-relay-2026-05-24-a21-clean.csv --out tmp-reach-warmup-relay-2026-05-24-a21-fresh.csv --state Connecticut
Input rows: 20
Fresh rows kept: 18
Removed rows: 2
Fresh CSV: tmp-reach-warmup-relay-2026-05-24-a21-fresh.csv
Removed CSV: tmp-reach-warmup-relay-2026-05-24-a21-fresh-removed.csv
No GHL API calls were made. This is CSV filtering only.

> node scripts/verify-reach-emails.mjs --provider neverbounce --csv tmp-reach-warmup-relay-2026-05-24-a21-fresh.csv --out tmp-reach-warmup-relay-2026-05-24-a21-verified.csv --report tmp-reach-warmup-relay-2026-05-24-a21-verified-report.json
Loaded 18 rows from tmp-reach-warmup-relay-2026-05-24-a21-fresh.csv.
REMOVE help@jjandselectricllc.com invalid
REMOVE info@jjandselectricllc.com invalid
REMOVE z.sacirovski@accurateelectricalcontractors.com unknown
KEEP accurateelectric79@gmail.com valid
KEEP josh@ajpelectricllc.com valid
KEEP sarah.mcelectric@gmail.com valid
KEEP pbavis@pecofct.com valid
KEEP kptek@msn.com valid
KEEP captainelectricc@yahoo.com valid
KEEP caseyelectricalservicesllc@gmail.com valid
KEEP info@caseyelectricalservices.com valid
KEEP joshcasey@caseyelectricalservices.com valid
REMOVE mike@a-1mechanical.com catchall
REMOVE rick@a-1mechanical.com catchall
REMOVE skip@a-1mechanical.com catchall
KEEP electricalpowerprosllc@gmail.com valid
KEEP dan@electricalpowerpros.net valid
KEEP buckelectricllc@gmail.com valid

Input: 18
Kept: 12
Removed: 6
Verified CSV: tmp-reach-warmup-relay-2026-05-24-a21-verified.csv
Verification report: tmp-reach-warmup-relay-2026-05-24-a21-verified-report.json

> node scripts/reach-quality-review.mjs --lane relay --csv tmp-reach-warmup-relay-2026-05-24-a21-verified.csv --out tmp-reach-warmup-relay-2026-05-24-a21-qa.csv
Rows reviewed: 12
OK rows: 1
Review rows: 11
QA CSV: tmp-reach-warmup-relay-2026-05-24-a21-qa.csv
QA report: /home/runner/work/aoh-website/aoh-website/docs/client-ops-ledger/outbox/reach-relay-quality-2026-05-24.md

Relay report: /home/runner/work/aoh-website/aoh-website/docs/client-ops-ledger/outbox/reach-warmup-relay-2026-05-24.md

Warmup summary: /home/runner/work/aoh-website/aoh-website/docs/client-ops-ledger/outbox/reach-warmup-summary-2026-05-24.md
Done.
